SF:lib/src/core/infinite_query_observer.dart
DA:18,1
DA:47,1
DA:49,1
DA:50,2
DA:52,1
DA:56,2
DA:57,1
DA:58,1
DA:60,5
DA:62,1
DA:63,1
DA:65,1
DA:70,1
DA:71,1
DA:74,2
DA:76,1
DA:78,3
DA:79,3
DA:82,3
DA:86,0
DA:87,0
DA:88,0
DA:89,1
DA:92,1
DA:97,6
DA:98,3
DA:99,2
DA:103,1
DA:107,2
DA:108,1
DA:114,1
DA:115,1
DA:123,1
DA:125,1
DA:126,5
DA:127,4
DA:128,1
DA:130,1
DA:133,1
DA:138,1
DA:139,1
DA:140,5
DA:141,4
DA:142,1
DA:146,1
DA:147,3
DA:148,2
DA:149,1
DA:150,1
DA:152,1
DA:153,6
DA:156,1
DA:157,5
DA:158,2
DA:159,6
DA:160,0
DA:162,4
DA:164,1
DA:165,3
DA:167,2
DA:168,1
DA:169,1
DA:171,4
DA:173,2
DA:174,1
DA:175,1
DA:176,2
DA:177,2
DA:179,1
DA:187,1
DA:189,1
DA:190,5
DA:191,4
DA:192,1
DA:193,2
DA:194,1
DA:197,1
DA:202,1
DA:203,1
DA:204,5
DA:205,4
DA:206,1
DA:210,1
DA:211,3
DA:212,3
DA:213,0
DA:214,0
DA:215,0
DA:219,1
DA:220,5
DA:221,1
DA:224,2
DA:225,0
DA:226,0
DA:229,0
DA:233,0
DA:234,4
DA:235,2
DA:236,1
DA:237,1
DA:238,3
DA:239,1
DA:240,1
DA:241,1
DA:242,1
DA:243,1
DA:244,3
DA:245,1
DA:246,1
DA:248,0
DA:249,0
DA:250,0
DA:251,0
DA:252,0
DA:254,0
DA:257,0
DA:261,1
DA:262,5
DA:265,0
DA:266,0
DA:268,0
DA:270,0
DA:273,0
DA:277,0
DA:278,0
DA:279,0
DA:281,0
DA:282,0
DA:284,0
DA:287,0
DA:288,0
DA:295,0
DA:296,0
DA:297,0
DA:298,0
DA:300,0
DA:304,1
DA:306,1
DA:307,2
DA:309,2
DA:313,1
DA:314,2
DA:317,2
LF:143
LH:107
end_of_record
SF:lib/src/core/subscribable.dart
DA:9,4
DA:12,4
DA:13,8
DA:14,4
DA:16,4
DA:17,8
DA:18,4
DA:23,6
DA:26,4
DA:30,2
DA:34,4
DA:35,8
DA:37,8
DA:39,4
DA:47,0
LF:15
LH:14
end_of_record
SF:lib/src/core/mutation.dart
DA:11,2
DA:13,4
DA:14,4
DA:15,2
DA:24,0
DA:36,2
DA:55,2
DA:57,2
DA:58,4
DA:61,2
DA:62,4
DA:65,2
DA:66,6
DA:68,2
DA:77,2
DA:80,4
DA:83,4
DA:84,4
DA:87,6
DA:89,4
DA:90,4
DA:94,6
DA:95,4
DA:99,8
DA:100,8
DA:104,2
DA:105,2
DA:108,3
DA:109,2
DA:112,4
DA:113,4
DA:119,1
DA:120,1
LF:33
LH:32
end_of_record
SF:lib/src/core/mutation_cache.dart
DA:20,4
DA:38,2
DA:50,4
DA:53,0
DA:56,2
DA:57,4
DA:58,4
DA:62,0
DA:63,0
DA:64,0
DA:69,2
DA:70,2
DA:71,2
DA:75,2
DA:77,2
DA:81,2
DA:82,4
DA:83,4
LF:18
LH:14
end_of_record
SF:lib/src/core/query_client.dart
DA:17,0
DA:19,4
DA:23,8
DA:24,8
DA:29,0
DA:30,0
DA:34,0
DA:35,0
DA:38,0
DA:41,0
DA:42,0
DA:43,0
DA:44,0
DA:50,0
DA:51,0
DA:52,0
DA:54,0
DA:55,0
DA:57,0
DA:58,0
DA:59,0
DA:65,0
DA:66,0
DA:75,0
DA:76,0
DA:77,0
DA:78,0
DA:79,0
DA:80,0
DA:84,0
DA:90,0
DA:92,0
DA:93,0
DA:94,0
DA:95,0
DA:97,0
DA:104,0
DA:106,0
DA:111,0
DA:112,0
LF:40
LH:3
end_of_record
SF:lib/src/core/mutation_observer.dart
DA:21,2
DA:50,2
DA:51,2
DA:54,1
DA:55,1
DA:56,1
DA:58,1
DA:59,0
DA:60,3
DA:61,2
DA:65,2
DA:67,2
DA:68,4
DA:72,2
DA:73,2
DA:74,2
DA:77,2
DA:79,0
DA:80,0
DA:81,0
DA:82,0
DA:83,0
DA:86,2
DA:87,2
DA:89,2
DA:91,12
DA:92,4
DA:94,4
DA:97,2
DA:98,6
DA:100,4
DA:101,2
DA:102,2
DA:103,2
DA:104,2
DA:105,2
DA:106,2
DA:107,2
DA:108,2
DA:109,2
DA:115,2
DA:117,2
DA:118,0
DA:119,0
DA:120,0
DA:122,0
DA:123,0
DA:124,0
DA:125,0
DA:126,0
DA:127,0
DA:132,4
DA:135,4
LF:53
LH:38
end_of_record
SF:lib/src/core/mutation_types.dart
DA:14,2
DA:17,6
DA:20,6
DA:23,6
DA:26,6
DA:44,1
DA:47,0
DA:50,0
DA:53,0
DA:56,0
LF:10
LH:6
end_of_record
SF:lib/src/core/types.dart
DA:39,2
DA:40,6
DA:41,2
DA:42,2
DA:43,4
DA:44,2
DA:45,2
DA:46,2
DA:51,0
DA:54,0
DA:57,0
DA:60,0
DA:62,2
DA:65,4
DA:68,0
DA:70,0
DA:73,0
DA:75,0
DA:78,0
DA:80,0
DA:83,0
DA:85,0
LF:22
LH:10
end_of_record
SF:lib/src/core/options.dart
DA:11,1
DA:23,1
DA:31,1
LF:3
LH:3
end_of_record
SF:lib/src/core/query.dart
DA:18,3
DA:20,1
DA:21,2
DA:23,1
DA:24,1
DA:27,1
DA:28,2
DA:29,2
DA:30,1
DA:34,0
DA:36,0
DA:38,0
DA:40,0
DA:41,0
DA:43,0
DA:51,1
DA:52,2
DA:53,6
DA:56,1
DA:58,4
DA:59,2
DA:60,4
DA:66,0
DA:68,0
DA:69,0
DA:72,0
DA:74,0
DA:77,0
DA:80,0
DA:82,0
DA:83,0
DA:84,0
DA:88,0
DA:89,0
DA:90,0
DA:91,0
DA:94,0
DA:95,0
DA:96,0
DA:97,0
DA:102,1
DA:103,1
LF:42
LH:18
end_of_record
SF:lib/src/core/query_cache.dart
DA:19,4
DA:42,2
DA:44,0
DA:45,0
DA:61,2
DA:63,0
DA:64,0
DA:79,4
DA:81,6
DA:82,4
DA:83,3
DA:85,0
DA:91,2
DA:92,4
DA:93,4
DA:94,4
DA:98,1
DA:99,2
DA:101,2
DA:104,2
DA:105,2
DA:107,2
DA:114,0
DA:115,0
DA:116,0
DA:117,0
DA:118,0
DA:121,0
DA:122,0
DA:131,0
DA:132,0
DA:133,0
DA:134,0
DA:139,0
DA:140,0
DA:144,0
DA:145,0
DA:146,0
DA:151,0
DA:152,0
DA:153,0
DA:158,0
DA:161,0
DA:162,0
DA:163,0
DA:167,2
DA:168,6
DA:169,4
DA:170,2
DA:171,0
DA:176,2
DA:178,6
DA:182,1
DA:183,2
DA:184,2
DA:185,2
DA:188,1
DA:189,2
LF:58
LH:29
end_of_record
SF:lib/src/core/utils.dart
DA:6,0
DA:7,0
DA:11,2
DA:13,2
DA:16,2
DA:18,2
DA:21,2
DA:24,2
LF:8
LH:6
end_of_record
SF:lib/src/core/query_types.dart
DA:29,1
DA:41,0
DA:52,0
DA:53,0
DA:54,0
DA:55,0
DA:56,0
DA:57,0
DA:58,0
DA:59,0
DA:60,0
DA:61,0
DA:84,2
DA:87,3
DA:88,0
DA:89,0
DA:98,1
DA:106,1
DA:108,1
DA:117,1
DA:118,1
DA:119,1
DA:120,1
DA:121,0
DA:122,1
DA:123,0
DA:124,1
LF:27
LH:12
end_of_record
SF:lib/src/core/query_observer.dart
DA:26,1
DA:29,1
DA:30,2
DA:35,1
DA:36,1
DA:37,1
DA:38,1
DA:41,1
DA:42,3
DA:43,2
DA:45,1
DA:47,1
DA:48,1
DA:50,3
DA:51,2
DA:54,1
DA:55,3
DA:56,1
DA:60,2
DA:62,1
DA:67,3
DA:68,3
DA:70,2
DA:74,4
DA:75,7
DA:79,1
DA:83,1
DA:86,2
DA:89,2
DA:90,2
DA:91,1
DA:95,1
DA:96,1
DA:97,3
DA:99,3
DA:102,1
DA:103,0
DA:104,0
DA:105,1
DA:106,4
DA:107,5
DA:108,3
DA:110,4
DA:111,1
DA:112,1
DA:115,1
DA:119,1
DA:120,5
DA:121,4
DA:123,4
DA:125,1
DA:126,5
DA:127,4
DA:128,4
DA:130,1
DA:131,1
DA:135,1
DA:138,0
DA:139,0
DA:140,0
DA:143,1
DA:144,3
DA:146,5
DA:150,4
DA:153,3
DA:155,0
DA:159,1
DA:163,1
DA:167,1
DA:168,1
DA:169,1
DA:171,1
DA:172,3
DA:174,7
DA:176,2
DA:178,1
DA:179,1
DA:180,1
DA:181,1
DA:183,0
DA:188,1
DA:189,3
DA:190,3
DA:191,2
DA:192,1
DA:193,1
DA:197,1
DA:198,5
DA:199,1
DA:202,2
DA:203,0
DA:204,0
DA:205,0
DA:206,4
DA:207,2
DA:208,1
DA:209,2
DA:210,1
DA:211,1
DA:213,0
DA:214,0
DA:215,0
DA:216,0
DA:217,0
DA:219,0
DA:222,0
DA:226,1
DA:227,5
DA:230,1
DA:231,2
DA:234,2
LF:111
LH:94
end_of_record
SF:lib/src/core/retryer.dart
DA:6,0
DA:8,0
DA:22,0
DA:24,0
DA:26,0
DA:27,0
DA:28,0
DA:29,0
DA:30,0
DA:32,0
DA:35,0
DA:36,0
DA:38,0
DA:39,0
DA:41,0
DA:42,0
DA:43,0
DA:44,0
DA:49,0
DA:50,0
DA:51,0
DA:52,0
DA:54,0
DA:55,0
DA:58,0
DA:59,0
DA:60,0
DA:61,0
DA:62,0
DA:65,0
DA:67,0
DA:68,0
DA:73,0
DA:75,0
DA:78,0
DA:79,0
DA:80,0
DA:81,0
DA:84,0
LF:39
LH:0
end_of_record
SF:lib/src/hooks/use_infinite_query.dart
DA:29,1
DA:39,1
DA:40,1
DA:42,1
DA:43,2
DA:53,1
DA:66,1
DA:67,3
DA:69,2
DA:71,1
DA:74,1
DA:76,2
DA:78,2
DA:79,2
DA:81,1
DA:82,5
DA:86,1
DA:87,1
DA:88,5
DA:90,1
DA:92,1
DA:106,0
DA:108,0
DA:109,0
DA:110,0
LF:25
LH:21
end_of_record
SF:lib/src/hooks/use_mutation.dart
DA:17,1
DA:22,1
DA:25,3
DA:27,1
DA:36,2
DA:37,2
DA:44,1
DA:47,2
DA:49,2
DA:51,2
DA:52,1
DA:55,2
DA:56,2
DA:57,1
DA:60,1
DA:61,4
DA:64,1
DA:65,6
LF:18
LH:18
end_of_record
SF:lib/src/hooks/use_query.dart
DA:24,1
DA:32,1
DA:33,1
DA:36,1
DA:37,2
DA:41,3
DA:46,1
DA:51,1
DA:52,3
DA:55,2
DA:56,1
DA:58,1
DA:61,2
DA:63,2
DA:65,2
DA:67,1
DA:68,5
DA:76,1
DA:77,1
DA:78,5
DA:80,1
DA:82,1
LF:22
LH:22
end_of_record
SF:lib/src/hooks/use_query_client.dart
DA:16,3
DA:17,3
DA:18,3
DA:20,3
DA:21,0
DA:24,3
LF:6
LH:5
end_of_record
SF:lib/src/providers/query_client_provider.dart
DA:12,3
DA:26,3
DA:28,3
DA:30,3
DA:32,6
DA:33,6
DA:34,6
DA:36,3
DA:38,3
LF:9
LH:9
end_of_record
